<?xml version="1.0" encoding="UTF-8"?>
<!-- Generated by org.testng.reporters.JUnitReportReporter -->
<testsuite skipped="0" hostname="C2C" name="com.testcases.LoginTest" tests="2" failures="0" timestamp="2019-10-01T17:21:09 IST" time="13.667" errors="0">
  <testcase name="SimpleLogin" time="9.511" classname="com.testcases.LoginTest"/>
  <testcase name="LoginWithWrongCred" time="4.156" classname="com.testcases.LoginTest"/>
</testsuite> <!-- com.testcases.LoginTest -->
