<?xml version="1.0" encoding="UTF-8"?>
<!-- Generated by org.testng.reporters.JUnitReportReporter -->
<testsuite skipped="0" hostname="C2C" name="com.testcases.LoginTest" tests="2" failures="0" timestamp="2019-09-26T17:54:20 IST" time="28.085" errors="0">
  <testcase name="SimpleLogin" time="23.655" classname="com.testcases.LoginTest"/>
  <testcase name="LoginWithWrongCred" time="4.430" classname="com.testcases.LoginTest"/>
</testsuite> <!-- com.testcases.LoginTest -->
