<?xml version="1.0" encoding="UTF-8"?>
<!-- Generated by org.testng.reporters.JUnitReportReporter -->
<testsuite skipped="0" hostname="C2C" name="com.website.testcases.LoginTest" tests="2" failures="0" timestamp="2019-09-26T17:46:12 IST" time="5.547" errors="1">
  <testcase name="SimpleLogin" time="0.671" classname="com.website.testcases.LoginTest">
    <error type="java.lang.NoSuchMethodError" message="org.openxmlformats.schemas.spreadsheetml.x2006.main.impl.CTWorksheetImpl.generatedSetterHelperImpl(Lorg/apache/xmlbeans/XmlObject;Ljavax/xml/namespace/QName;IS)Lorg/apache/xmlbeans/XmlObject;">
      <![CDATA[java.lang.NoSuchMethodError: org.openxmlformats.schemas.spreadsheetml.x2006.main.impl.CTWorksheetImpl.generatedSetterHelperImpl(Lorg/apache/xmlbeans/XmlObject;Ljavax/xml/namespace/QName;IS)Lorg/apache/xmlbeans/XmlObject;
at org.openxmlformats.schemas.spreadsheetml.x2006.main.impl.CTWorksheetImpl.setColsArray(Unknown Source)
at org.apache.poi.xssf.usermodel.helpers.ColumnHelper.cleanColumns(ColumnHelper.java:67)
at org.apache.poi.xssf.usermodel.helpers.ColumnHelper.<init>(ColumnHelper.java:46)
at org.apache.poi.xssf.usermodel.XSSFSheet.read(XSSFSheet.java:232)
at org.apache.poi.xssf.usermodel.XSSFSheet.onDocumentRead(XSSFSheet.java:218)
at org.apache.poi.xssf.usermodel.XSSFWorkbook.parseSheet(XSSFWorkbook.java:443)
at org.apache.poi.xssf.usermodel.XSSFWorkbook.onDocumentRead(XSSFWorkbook.java:408)
at org.apache.poi.POIXMLDocument.load(POIXMLDocument.java:169)
at org.apache.poi.xssf.usermodel.XSSFWorkbook.<init>(XSSFWorkbook.java:300)
at com.website.utils.ExcelDataWriter.getData(ExcelDataWriter.java:29)
at com.website.testcases.LoginTest.SimpleLogin(LoginTest.java:23)
at sun.reflect.NativeMethodAccessorImpl.invoke0(Native Method)
at sun.reflect.NativeMethodAccessorImpl.invoke(Unknown Source)
at sun.reflect.DelegatingMethodAccessorImpl.invoke(Unknown Source)
at java.lang.reflect.Method.invoke(Unknown Source)
at org.testng.internal.MethodInvocationHelper.invokeMethod(MethodInvocationHelper.java:133)
at org.testng.internal.TestInvoker.invokeMethod(TestInvoker.java:584)
at org.testng.internal.TestInvoker.invokeTestMethod(TestInvoker.java:172)
at org.testng.internal.MethodRunner.runInSequence(MethodRunner.java:46)
at org.testng.internal.TestInvoker$MethodInvocationAgent.invoke(TestInvoker.java:804)
at org.testng.internal.TestInvoker.invokeTestMethods(TestInvoker.java:145)
at org.testng.internal.TestMethodWorker.invokeTestMethods(TestMethodWorker.java:146)
at org.testng.internal.TestMethodWorker.run(TestMethodWorker.java:128)
at java.util.ArrayList.forEach(Unknown Source)
at org.testng.TestRunner.privateRun(TestRunner.java:770)
at org.testng.TestRunner.run(TestRunner.java:591)
at org.testng.SuiteRunner.runTest(SuiteRunner.java:402)
at org.testng.SuiteRunner.runSequentially(SuiteRunner.java:396)
at org.testng.SuiteRunner.privateRun(SuiteRunner.java:355)
at org.testng.SuiteRunner.run(SuiteRunner.java:304)
at org.testng.SuiteRunnerWorker.runSuite(SuiteRunnerWorker.java:53)
at org.testng.SuiteRunnerWorker.run(SuiteRunnerWorker.java:96)
at org.testng.TestNG.runSuitesSequentially(TestNG.java:1180)
at org.testng.TestNG.runSuitesLocally(TestNG.java:1102)
at org.testng.TestNG.runSuites(TestNG.java:1032)
at org.testng.TestNG.run(TestNG.java:1000)
at org.testng.remote.AbstractRemoteTestNG.run(AbstractRemoteTestNG.java:115)
at org.testng.remote.RemoteTestNG.initAndRun(RemoteTestNG.java:251)
at org.testng.remote.RemoteTestNG.main(RemoteTestNG.java:77)
]]>
    </error>
  </testcase> <!-- SimpleLogin -->
  <testcase name="LoginWithWrongCred" time="4.876" classname="com.website.testcases.LoginTest"/>
</testsuite> <!-- com.website.testcases.LoginTest -->
