<?xml version="1.0" encoding="UTF-8"?>
<!-- Generated by org.testng.reporters.JUnitReportReporter -->
<testsuite skipped="0" hostname="C2C" name="com.testcases.HomeRedirect" tests="2" failures="0" timestamp="2019-09-27T18:31:48 IST" time="25.676" errors="0">
  <testcase name="Navigate" time="24.120" classname="com.testcases.HomeRedirect"/>
  <testcase name="FillHomePageInfo" time="1.556" classname="com.testcases.HomeRedirect"/>
</testsuite> <!-- com.testcases.HomeRedirect -->
