<?xml version="1.0" encoding="UTF-8"?>
<!-- Generated by org.testng.reporters.JUnitReportReporter -->
<testsuite skipped="0" hostname="C2C" name="com.testcases.HomeRedirect" tests="2" failures="0" timestamp="2019-09-30T15:25:50 IST" time="38.550" errors="0">
  <testcase name="Navigate" time="36.585" classname="com.testcases.HomeRedirect"/>
  <testcase name="FillHomePageInfo" time="1.965" classname="com.testcases.HomeRedirect"/>
</testsuite> <!-- com.testcases.HomeRedirect -->
