<?xml version="1.0" encoding="UTF-8"?>
<!-- Generated by org.testng.reporters.JUnitReportReporter -->
<testsuite skipped="0" hostname="C2C" name="com.website.testcases.LoginTest" tests="1" failures="0" timestamp="2019-09-23T14:53:47 IST" time="4.896" errors="0">
  <testcase name="SimpleLogin" time="4.896" classname="com.website.testcases.LoginTest"/>
</testsuite> <!-- com.website.testcases.LoginTest -->
