<?xml version="1.0" encoding="UTF-8"?>
<!-- Generated by org.testng.reporters.JUnitReportReporter -->
<testsuite skipped="0" hostname="C2C" name="com.testcases.HomeRedirect" tests="2" failures="0" timestamp="2019-09-30T16:05:30 IST" time="20.818" errors="0">
  <testcase name="Navigate" time="19.240" classname="com.testcases.HomeRedirect"/>
  <testcase name="FillHomePageInfo" time="1.578" classname="com.testcases.HomeRedirect"/>
</testsuite> <!-- com.testcases.HomeRedirect -->
