<?xml version="1.0" encoding="UTF-8"?>
<!-- Generated by org.testng.reporters.JUnitReportReporter -->
<testsuite skipped="0" hostname="C2C" name="com.testcases.HomeRedirect" tests="2" failures="0" timestamp="2019-10-01T17:21:09 IST" time="36.006" errors="0">
  <testcase name="Navigate" time="32.571" classname="com.testcases.HomeRedirect"/>
  <testcase name="FillHomePageInfo" time="3.435" classname="com.testcases.HomeRedirect"/>
</testsuite> <!-- com.testcases.HomeRedirect -->
