<?xml version="1.0" encoding="UTF-8"?>
<!-- Generated by org.testng.reporters.JUnitReportReporter -->
<testsuite skipped="0" hostname="C2C" name="com.testcases.HomeRedirect" tests="1" failures="0" timestamp="2019-09-30T11:47:06 IST" time="25.914" errors="0">
  <testcase name="Navigate" time="25.914" classname="com.testcases.HomeRedirect"/>
</testsuite> <!-- com.testcases.HomeRedirect -->
