<?xml version="1.0" encoding="UTF-8"?>
<!-- Generated by org.testng.reporters.JUnitReportReporter -->
<testsuite skipped="0" hostname="C2C" name="com.testcases.AboutUsTest" tests="1" failures="0" timestamp="2019-10-01T18:23:40 IST" time="28.863" errors="0">
  <testcase name="AboutUsFill" time="28.863" classname="com.testcases.AboutUsTest"/>
</testsuite> <!-- com.testcases.AboutUsTest -->
