<?xml version="1.0" encoding="UTF-8"?>
<!-- Generated by org.testng.reporters.JUnitReportReporter -->
<testsuite skipped="0" hostname="C2C" name="com.testcases.LoginTest" tests="2" failures="0" timestamp="2019-09-30T16:41:05 IST" time="74.524" errors="0">
  <testcase name="SimpleLogin" time="70.030" classname="com.testcases.LoginTest"/>
  <testcase name="LoginWithWrongCred" time="4.494" classname="com.testcases.LoginTest"/>
</testsuite> <!-- com.testcases.LoginTest -->
