<?xml version="1.0" encoding="UTF-8"?>
<!-- Generated by org.testng.reporters.JUnitReportReporter -->
<testsuite skipped="0" hostname="C2C" name="com.testcases.LoginTest" tests="2" failures="0" timestamp="2019-10-29T18:47:47 IST" time="15.777" errors="0">
  <testcase name="SimpleLogin" time="10.931" classname="com.testcases.LoginTest"/>
  <testcase name="LoginWithWrongCred" time="4.846" classname="com.testcases.LoginTest"/>
</testsuite> <!-- com.testcases.LoginTest -->
