<?xml version="1.0" encoding="UTF-8"?>
<!-- Generated by org.testng.reporters.JUnitReportReporter -->
<testsuite skipped="0" hostname="C2C" name="com.website.testcases.LoginTest" tests="2" failures="0" timestamp="2019-09-23T19:07:30 IST" time="11.690" errors="0">
  <testcase name="SimpleLogin" time="7.340" classname="com.website.testcases.LoginTest"/>
  <testcase name="LoginWithWrongCred" time="4.350" classname="com.website.testcases.LoginTest"/>
</testsuite> <!-- com.website.testcases.LoginTest -->
