<?xml version="1.0" encoding="UTF-8"?>
<!-- Generated by org.testng.reporters.JUnitReportReporter -->
<testsuite skipped="0" hostname="C2C" name="com.testcases.LoginTest" tests="2" failures="0" timestamp="2019-09-30T16:05:30 IST" time="11.876" errors="0">
  <testcase name="SimpleLogin" time="7.689" classname="com.testcases.LoginTest"/>
  <testcase name="LoginWithWrongCred" time="4.187" classname="com.testcases.LoginTest"/>
</testsuite> <!-- com.testcases.LoginTest -->
